<?xml version="1.0" encoding="UTF-8"?>
<!-- Generated by org.testng.reporters.JUnitReportReporter -->
<testsuite hostname="LAPTOP-KM2GDOP0" failures="0" tests="1" name="testCase.LoginTest" time="3.378" errors="0" timestamp="2025-02-20T08:43:51 IST" skipped="0">
  <testcase classname="testCase.LoginTest" name="LoginTest" time="3.378"/>
  <system-out/>
</testsuite> <!-- testCase.LoginTest -->
