<?xml version="1.0" encoding="UTF-8"?>
<!-- Generated by org.testng.reporters.JUnitReportReporter -->
<testsuite hostname="LAPTOP-KM2GDOP0" failures="0" tests="1" name="testCase.TC001_LoginTest" time="4.695" errors="0" timestamp="2025-02-23T08:24:04 IST" skipped="0">
  <testcase classname="testCase.TC001_LoginTest" name="LoginTest" time="4.695"/>
</testsuite> <!-- testCase.TC001_LoginTest -->
